
*** Running vivado
    with args -log lab10.vds -m64 -product Vivado -mode batch -messageDb vivado.pb -notrace -source lab10.tcl


ECHO 已關閉。
ECHO 已關閉。

****** Vivado v2023.1 (64-bit)
  **** SW Build 3865809 on Sun May  7 15:05:29 MDT 2023
  **** IP Build 3864474 on Sun May  7 20:36:21 MDT 2023
  **** SharedData Build 3865790 on Sun May 07 13:33:03 MDT 2023
    ** Copyright 1986-2022 Xilinx, Inc. All Rights Reserved.
    ** Copyright 2022-2023 Advanced Micro Devices, Inc. All Rights Reserved.

source lab10.tcl -notrace
create_project: Time (s): cpu = 00:00:06 ; elapsed = 00:00:07 . Memory (MB): peak = 433.809 ; gain = 167.816
Command: read_checkpoint -auto_incremental -incremental C:/Users/Shlab_31/Desktop/lab10_v2/lab10.srcs/utils_1/imports/synth_1/lab10.dcp
INFO: [Vivado 12-5825] Read reference checkpoint from C:/Users/Shlab_31/Desktop/lab10_v2/lab10.srcs/utils_1/imports/synth_1/lab10.dcp for incremental synthesis
INFO: [Vivado 12-7989] Please ensure there are no constraint changes
Command: synth_design -top lab10 -part xc7a35ticsg324-1L
Starting synth_design
Attempting to get a license for feature 'Synthesis' and/or device 'xc7a35ti'
INFO: [Common 17-349] Got license for feature 'Synthesis' and/or device 'xc7a35ti'
INFO: [Device 21-403] Loading part xc7a35ticsg324-1L
INFO: [Designutils 20-5440] No compile time benefit to using incremental synthesis; A full resynthesis will be run
INFO: [Designutils 20-4379] Flow is switching to default flow due to incremental criteria not met. If you would like to alter this behaviour and have the flow terminate instead, please set the following parameter config_implementation {autoIncr.Synth.RejectBehavior Terminate}
INFO: [Synth 8-7079] Multithreading enabled for synth_design using a maximum of 2 processes.
INFO: [Synth 8-7078] Launching helper process for spawning children vivado processes
INFO: [Synth 8-7075] Helper process launched with PID 11864
---------------------------------------------------------------------------------
Starting RTL Elaboration : Time (s): cpu = 00:00:05 ; elapsed = 00:00:05 . Memory (MB): peak = 1250.387 ; gain = 411.793
---------------------------------------------------------------------------------
INFO: [Synth 8-6157] synthesizing module 'lab10' [C:/Users/Shlab_31/Desktop/lab10_v2/lab10.srcs/sources_1/lab10.v:3]
INFO: [Synth 8-6157] synthesizing module 'vga_sync' [C:/Users/Shlab_31/Desktop/lab10_v2/lab10.srcs/sources_1/vga_sync.v:19]
INFO: [Synth 8-6155] done synthesizing module 'vga_sync' (0#1) [C:/Users/Shlab_31/Desktop/lab10_v2/lab10.srcs/sources_1/vga_sync.v:19]
INFO: [Synth 8-6157] synthesizing module 'clk_divider' [C:/Users/Shlab_31/Desktop/lab10_v2/lab10.srcs/sources_1/clk_divider.v:21]
	Parameter divider bound to: 2 - type: integer 
INFO: [Synth 8-6155] done synthesizing module 'clk_divider' (0#1) [C:/Users/Shlab_31/Desktop/lab10_v2/lab10.srcs/sources_1/clk_divider.v:21]
INFO: [Synth 8-6157] synthesizing module 'debounce' [C:/Users/Shlab_31/Desktop/lab10_v2/lab10.srcs/sources_1/new/debounce.v:21]
INFO: [Synth 8-6155] done synthesizing module 'debounce' (0#1) [C:/Users/Shlab_31/Desktop/lab10_v2/lab10.srcs/sources_1/new/debounce.v:21]
INFO: [Synth 8-6157] synthesizing module 'sram' [C:/Users/Shlab_31/Desktop/lab10_v2/lab10.srcs/sources_1/sram.v:8]
	Parameter DATA_WIDTH bound to: 12 - type: integer 
	Parameter ADDR_WIDTH bound to: 18 - type: integer 
	Parameter RAM_SIZE bound to: 76800 - type: integer 
	Parameter FILE bound to: images1.mem - type: string 
INFO: [Synth 8-3876] $readmem data file 'images1.mem' is read successfully [C:/Users/Shlab_31/Desktop/lab10_v2/lab10.srcs/sources_1/sram.v:25]
INFO: [Synth 8-6155] done synthesizing module 'sram' (0#1) [C:/Users/Shlab_31/Desktop/lab10_v2/lab10.srcs/sources_1/sram.v:8]
INFO: [Synth 8-6157] synthesizing module 'sram__parameterized0' [C:/Users/Shlab_31/Desktop/lab10_v2/lab10.srcs/sources_1/sram.v:8]
	Parameter DATA_WIDTH bound to: 12 - type: integer 
	Parameter ADDR_WIDTH bound to: 18 - type: integer 
	Parameter RAM_SIZE bound to: 14336 - type: integer 
	Parameter FILE bound to: images2.mem - type: string 
INFO: [Synth 8-3876] $readmem data file 'images2.mem' is read successfully [C:/Users/Shlab_31/Desktop/lab10_v2/lab10.srcs/sources_1/sram.v:25]
INFO: [Synth 8-6155] done synthesizing module 'sram__parameterized0' (0#1) [C:/Users/Shlab_31/Desktop/lab10_v2/lab10.srcs/sources_1/sram.v:8]
INFO: [Synth 8-6157] synthesizing module 'sram__parameterized1' [C:/Users/Shlab_31/Desktop/lab10_v2/lab10.srcs/sources_1/sram.v:8]
	Parameter DATA_WIDTH bound to: 12 - type: integer 
	Parameter ADDR_WIDTH bound to: 18 - type: integer 
	Parameter RAM_SIZE bound to: 19712 - type: integer 
	Parameter FILE bound to: images3.mem - type: string 
INFO: [Synth 8-3876] $readmem data file 'images3.mem' is read successfully [C:/Users/Shlab_31/Desktop/lab10_v2/lab10.srcs/sources_1/sram.v:25]
INFO: [Synth 8-6155] done synthesizing module 'sram__parameterized1' (0#1) [C:/Users/Shlab_31/Desktop/lab10_v2/lab10.srcs/sources_1/sram.v:8]
INFO: [Synth 8-6155] done synthesizing module 'lab10' (0#1) [C:/Users/Shlab_31/Desktop/lab10_v2/lab10.srcs/sources_1/lab10.v:3]
WARNING: [Synth 8-6014] Unused sequential element fish3_clock_reg was removed.  [C:/Users/Shlab_31/Desktop/lab10_v2/lab10.srcs/sources_1/lab10.v:180]
WARNING: [Synth 8-3848] Net usr_led in module/entity lab10 does not have driver. [C:/Users/Shlab_31/Desktop/lab10_v2/lab10.srcs/sources_1/lab10.v:7]
WARNING: [Synth 8-3848] Net fish1_addr[7] in module/entity lab10 does not have driver. [C:/Users/Shlab_31/Desktop/lab10_v2/lab10.srcs/sources_1/lab10.v:59]
WARNING: [Synth 8-3848] Net fish2_addr[7] in module/entity lab10 does not have driver. [C:/Users/Shlab_31/Desktop/lab10_v2/lab10.srcs/sources_1/lab10.v:60]
WARNING: [Synth 8-7129] Port usr_led[3] in module lab10 is either unconnected or has no load
WARNING: [Synth 8-7129] Port usr_led[2] in module lab10 is either unconnected or has no load
WARNING: [Synth 8-7129] Port usr_led[1] in module lab10 is either unconnected or has no load
WARNING: [Synth 8-7129] Port usr_led[0] in module lab10 is either unconnected or has no load
WARNING: [Synth 8-7129] Port usr_btn[2] in module lab10 is either unconnected or has no load
WARNING: [Synth 8-7129] Port usr_btn[1] in module lab10 is either unconnected or has no load
---------------------------------------------------------------------------------
Finished RTL Elaboration : Time (s): cpu = 00:00:08 ; elapsed = 00:00:08 . Memory (MB): peak = 1428.961 ; gain = 590.367
---------------------------------------------------------------------------------
---------------------------------------------------------------------------------
Start Handling Custom Attributes
---------------------------------------------------------------------------------
---------------------------------------------------------------------------------
Finished Handling Custom Attributes : Time (s): cpu = 00:00:08 ; elapsed = 00:00:08 . Memory (MB): peak = 1428.961 ; gain = 590.367
---------------------------------------------------------------------------------
---------------------------------------------------------------------------------
Finished RTL Optimization Phase 1 : Time (s): cpu = 00:00:08 ; elapsed = 00:00:08 . Memory (MB): peak = 1428.961 ; gain = 590.367
---------------------------------------------------------------------------------
Netlist sorting complete. Time (s): cpu = 00:00:00 ; elapsed = 00:00:00.008 . Memory (MB): peak = 1428.961 ; gain = 0.000
INFO: [Project 1-570] Preparing netlist for logic optimization

Processing XDC Constraints
Initializing timing engine
Parsing XDC File [C:/Users/Shlab_31/Desktop/lab10_v2/lab10.srcs/constrs_1/lab10.xdc]
Finished Parsing XDC File [C:/Users/Shlab_31/Desktop/lab10_v2/lab10.srcs/constrs_1/lab10.xdc]
INFO: [Project 1-236] Implementation specific constraints were found while reading constraint file [C:/Users/Shlab_31/Desktop/lab10_v2/lab10.srcs/constrs_1/lab10.xdc]. These constraints will be ignored for synthesis but will be used in implementation. Impacted constraints are listed in the file [.Xil/lab10_propImpl.xdc].
Resolution: To avoid this warning, move constraints listed in [.Xil/lab10_propImpl.xdc] to another XDC file and exclude this new file from synthesis with the used_in_synthesis property (File Properties dialog in GUI) and re-run elaboration/synthesis.
Completed Processing XDC Constraints

Netlist sorting complete. Time (s): cpu = 00:00:00 ; elapsed = 00:00:00 . Memory (MB): peak = 1530.734 ; gain = 0.000
INFO: [Project 1-111] Unisim Transformation Summary:
No Unisim elements were transformed.

Constraint Validation Runtime : Time (s): cpu = 00:00:00 ; elapsed = 00:00:00.008 . Memory (MB): peak = 1530.734 ; gain = 0.000
INFO: [Designutils 20-5440] No compile time benefit to using incremental synthesis; A full resynthesis will be run
INFO: [Designutils 20-4379] Flow is switching to default flow due to incremental criteria not met. If you would like to alter this behaviour and have the flow terminate instead, please set the following parameter config_implementation {autoIncr.Synth.RejectBehavior Terminate}
---------------------------------------------------------------------------------
Finished Constraint Validation : Time (s): cpu = 00:00:16 ; elapsed = 00:00:17 . Memory (MB): peak = 1530.734 ; gain = 692.141
---------------------------------------------------------------------------------
---------------------------------------------------------------------------------
Start Loading Part and Timing Information
---------------------------------------------------------------------------------
Loading part: xc7a35ticsg324-1L
---------------------------------------------------------------------------------
Finished Loading Part and Timing Information : Time (s): cpu = 00:00:16 ; elapsed = 00:00:17 . Memory (MB): peak = 1530.734 ; gain = 692.141
---------------------------------------------------------------------------------
---------------------------------------------------------------------------------
Start Applying 'set_property' XDC Constraints
---------------------------------------------------------------------------------
---------------------------------------------------------------------------------
Finished applying 'set_property' XDC Constraints : Time (s): cpu = 00:00:16 ; elapsed = 00:00:17 . Memory (MB): peak = 1530.734 ; gain = 692.141
---------------------------------------------------------------------------------
---------------------------------------------------------------------------------
Finished RTL Optimization Phase 2 : Time (s): cpu = 00:00:19 ; elapsed = 00:00:20 . Memory (MB): peak = 1530.734 ; gain = 692.141
---------------------------------------------------------------------------------
---------------------------------------------------------------------------------
Start RTL Component Statistics 
---------------------------------------------------------------------------------
Detailed RTL Component Info : 
+---Adders : 
	   2 Input   32 Bit       Adders := 1     
	   3 Input   32 Bit       Adders := 2     
	   3 Input   18 Bit       Adders := 1     
	   3 Input   12 Bit       Adders := 2     
	   2 Input   11 Bit       Adders := 1     
	   2 Input   10 Bit       Adders := 2     
	   2 Input    9 Bit       Adders := 1     
	   2 Input    8 Bit       Adders := 2     
+---Registers : 
	               17 Bit    Registers := 3     
	               12 Bit    Registers := 4     
	               10 Bit    Registers := 2     
	                8 Bit    Registers := 1     
	                4 Bit    Registers := 1     
	                1 Bit    Registers := 6     
+---Muxes : 
	   8 Input   18 Bit        Muxes := 2     
	   2 Input   18 Bit        Muxes := 2     
	   2 Input   12 Bit        Muxes := 5     
	   2 Input    2 Bit        Muxes := 1     
	   2 Input    1 Bit        Muxes := 4     
---------------------------------------------------------------------------------
Finished RTL Component Statistics 
---------------------------------------------------------------------------------
---------------------------------------------------------------------------------
Start Part Resource Summary
---------------------------------------------------------------------------------
Part Resources:
DSPs: 90 (col length:60)
BRAMs: 100 (col length: RAMB18 60 RAMB36 30)
---------------------------------------------------------------------------------
Finished Part Resource Summary
---------------------------------------------------------------------------------
---------------------------------------------------------------------------------
Start Cross Boundary and Area Optimization
---------------------------------------------------------------------------------
WARNING: [Synth 8-7080] Parallel synthesis criteria is not met
WARNING: [Synth 8-7129] Port usr_led[3] in module lab10 is either unconnected or has no load
WARNING: [Synth 8-7129] Port usr_led[2] in module lab10 is either unconnected or has no load
WARNING: [Synth 8-7129] Port usr_led[1] in module lab10 is either unconnected or has no load
WARNING: [Synth 8-7129] Port usr_led[0] in module lab10 is either unconnected or has no load
WARNING: [Synth 8-7129] Port usr_btn[2] in module lab10 is either unconnected or has no load
WARNING: [Synth 8-7129] Port usr_btn[1] in module lab10 is either unconnected or has no load
---------------------------------------------------------------------------------
Finished Cross Boundary and Area Optimization : Time (s): cpu = 00:01:41 ; elapsed = 00:01:42 . Memory (MB): peak = 1830.906 ; gain = 992.312
---------------------------------------------------------------------------------
---------------------------------------------------------------------------------
Start ROM, RAM, DSP, Shift Register and Retiming Reporting
---------------------------------------------------------------------------------

ROM: Preliminary Mapping Report
+------------+------------+---------------+----------------+
|Module Name | RTL Object | Depth x Width | Implemented As | 
+------------+------------+---------------+----------------+
|sram        | RAM        | 131072x12     | LUT            | 
|sram        | RAM        | 16384x12      | LUT            | 
|sram        | RAM        | 32768x12      | LUT            | 
|sram        | p_0_out    | 16384x12      | LUT            | 
|sram        | p_0_out    | 32768x12      | LUT            | 
+------------+------------+---------------+----------------+

---------------------------------------------------------------------------------
Finished ROM, RAM, DSP, Shift Register and Retiming Reporting
---------------------------------------------------------------------------------
---------------------------------------------------------------------------------
Start Applying XDC Timing Constraints
---------------------------------------------------------------------------------
---------------------------------------------------------------------------------
Finished Applying XDC Timing Constraints : Time (s): cpu = 00:01:46 ; elapsed = 00:01:48 . Memory (MB): peak = 1830.906 ; gain = 992.312
---------------------------------------------------------------------------------
---------------------------------------------------------------------------------
Start Timing Optimization
---------------------------------------------------------------------------------
---------------------------------------------------------------------------------
Finished Timing Optimization : Time (s): cpu = 00:01:50 ; elapsed = 00:01:52 . Memory (MB): peak = 1830.906 ; gain = 992.312
---------------------------------------------------------------------------------
---------------------------------------------------------------------------------
Start Technology Mapping
---------------------------------------------------------------------------------
---------------------------------------------------------------------------------
Finished Technology Mapping : Time (s): cpu = 00:01:56 ; elapsed = 00:01:58 . Memory (MB): peak = 1830.906 ; gain = 992.312
---------------------------------------------------------------------------------
---------------------------------------------------------------------------------
Start IO Insertion
---------------------------------------------------------------------------------
---------------------------------------------------------------------------------
Start Flattening Before IO Insertion
---------------------------------------------------------------------------------
---------------------------------------------------------------------------------
Finished Flattening Before IO Insertion
---------------------------------------------------------------------------------
---------------------------------------------------------------------------------
Start Final Netlist Cleanup
---------------------------------------------------------------------------------
---------------------------------------------------------------------------------
Finished Final Netlist Cleanup
---------------------------------------------------------------------------------
---------------------------------------------------------------------------------
Finished IO Insertion : Time (s): cpu = 00:02:03 ; elapsed = 00:02:04 . Memory (MB): peak = 1830.906 ; gain = 992.312
---------------------------------------------------------------------------------
---------------------------------------------------------------------------------
Start Renaming Generated Instances
---------------------------------------------------------------------------------
---------------------------------------------------------------------------------
Finished Renaming Generated Instances : Time (s): cpu = 00:02:03 ; elapsed = 00:02:05 . Memory (MB): peak = 1830.906 ; gain = 992.312
---------------------------------------------------------------------------------
---------------------------------------------------------------------------------
Start Rebuilding User Hierarchy
---------------------------------------------------------------------------------
---------------------------------------------------------------------------------
Finished Rebuilding User Hierarchy : Time (s): cpu = 00:02:05 ; elapsed = 00:02:07 . Memory (MB): peak = 1830.906 ; gain = 992.312
---------------------------------------------------------------------------------
---------------------------------------------------------------------------------
Start Renaming Generated Ports
---------------------------------------------------------------------------------
---------------------------------------------------------------------------------
Finished Renaming Generated Ports : Time (s): cpu = 00:02:05 ; elapsed = 00:02:07 . Memory (MB): peak = 1830.906 ; gain = 992.312
---------------------------------------------------------------------------------
---------------------------------------------------------------------------------
Start Handling Custom Attributes
---------------------------------------------------------------------------------
---------------------------------------------------------------------------------
Finished Handling Custom Attributes : Time (s): cpu = 00:02:06 ; elapsed = 00:02:07 . Memory (MB): peak = 1830.906 ; gain = 992.312
---------------------------------------------------------------------------------
---------------------------------------------------------------------------------
Start Renaming Generated Nets
---------------------------------------------------------------------------------
---------------------------------------------------------------------------------
Finished Renaming Generated Nets : Time (s): cpu = 00:02:06 ; elapsed = 00:02:07 . Memory (MB): peak = 1830.906 ; gain = 992.312
---------------------------------------------------------------------------------
---------------------------------------------------------------------------------
Start Writing Synthesis Report
---------------------------------------------------------------------------------

Report BlackBoxes: 
+-+--------------+----------+
| |BlackBox name |Instances |
+-+--------------+----------+
+-+--------------+----------+

Report Cell Usage: 
+------+-------+------+
|      |Cell   |Count |
+------+-------+------+
|1     |BUFG   |     1|
|2     |CARRY4 |    66|
|3     |LUT1   |    21|
|4     |LUT2   |   196|
|5     |LUT3   |    40|
|6     |LUT4   |   206|
|7     |LUT5   |  1405|
|8     |LUT6   | 18067|
|9     |MUXF7  |  6955|
|10    |MUXF8  |  1225|
|11    |FDRE   |   527|
|12    |FDSE   |     1|
|13    |IBUF   |     4|
|14    |OBUF   |    14|
|15    |OBUFT  |     4|
+------+-------+------+
---------------------------------------------------------------------------------
Finished Writing Synthesis Report : Time (s): cpu = 00:02:06 ; elapsed = 00:02:07 . Memory (MB): peak = 1830.906 ; gain = 992.312
---------------------------------------------------------------------------------
Synthesis finished with 0 errors, 0 critical warnings and 7 warnings.
Synthesis Optimization Runtime : Time (s): cpu = 00:01:56 ; elapsed = 00:02:06 . Memory (MB): peak = 1830.906 ; gain = 890.539
Synthesis Optimization Complete : Time (s): cpu = 00:02:06 ; elapsed = 00:02:07 . Memory (MB): peak = 1830.906 ; gain = 992.312
INFO: [Project 1-571] Translating synthesized netlist
Netlist sorting complete. Time (s): cpu = 00:00:00 ; elapsed = 00:00:00.260 . Memory (MB): peak = 1830.906 ; gain = 0.000
INFO: [Netlist 29-17] Analyzing 8246 Unisim elements for replacement
INFO: [Netlist 29-28] Unisim Transformation completed in 0 CPU seconds
INFO: [Project 1-570] Preparing netlist for logic optimization
INFO: [Opt 31-138] Pushed 0 inverter(s) to 0 load pin(s).
Netlist sorting complete. Time (s): cpu = 00:00:00 ; elapsed = 00:00:00.006 . Memory (MB): peak = 1830.906 ; gain = 0.000
INFO: [Project 1-111] Unisim Transformation Summary:
No Unisim elements were transformed.

Synth Design complete | Checksum: 2c3caed4
INFO: [Common 17-83] Releasing license: Synthesis
38 Infos, 17 Warnings, 0 Critical Warnings and 0 Errors encountered.
synth_design completed successfully
synth_design: Time (s): cpu = 00:02:15 ; elapsed = 00:02:16 . Memory (MB): peak = 1830.906 ; gain = 1372.258
INFO: [Common 17-1381] The checkpoint 'C:/Users/Shlab_31/Desktop/lab10_v2/lab10.runs/synth_1/lab10.dcp' has been generated.
INFO: [runtcl-4] Executing : report_utilization -file lab10_utilization_synth.rpt -pb lab10_utilization_synth.pb
INFO: [Common 17-206] Exiting Vivado at Mon Dec 11 20:28:55 2023...
