
*** Running vivado
    with args -log lab7.vdi -applog -m64 -product Vivado -messageDb vivado.pb -mode batch -source lab7.tcl -notrace


ECHO 已關閉。
ECHO 已關閉。

****** Vivado v2023.1 (64-bit)
  **** SW Build 3865809 on Sun May  7 15:05:29 MDT 2023
  **** IP Build 3864474 on Sun May  7 20:36:21 MDT 2023
  **** SharedData Build 3865790 on Sun May 07 13:33:03 MDT 2023
    ** Copyright 1986-2022 Xilinx, Inc. All Rights Reserved.
    ** Copyright 2022-2023 Advanced Micro Devices, Inc. All Rights Reserved.

source lab7.tcl -notrace
create_project: Time (s): cpu = 00:00:07 ; elapsed = 00:00:07 . Memory (MB): peak = 435.727 ; gain = 171.094
Command: link_design -top lab7 -part xc7a35ticsg324-1L
Design is defaulting to srcset: sources_1
Design is defaulting to constrset: constrs_1
INFO: [Device 21-403] Loading part xc7a35ticsg324-1L
Netlist sorting complete. Time (s): cpu = 00:00:00 ; elapsed = 00:00:00.013 . Memory (MB): peak = 841.691 ; gain = 0.000
INFO: [Netlist 29-17] Analyzing 123 Unisim elements for replacement
INFO: [Netlist 29-28] Unisim Transformation completed in 0 CPU seconds
INFO: [Project 1-479] Netlist was created with Vivado 2023.1
INFO: [Project 1-570] Preparing netlist for logic optimization
Parsing XDC File [C:/Users/Shlab_23/Desktop/Lab7/lab_7.srcs/constrs_1/lab7.xdc]
WARNING: [Vivado 12-584] No ports matched 'LCD_E'. [C:/Users/Shlab_23/Desktop/Lab7/lab_7.srcs/constrs_1/lab7.xdc:62]
CRITICAL WARNING: [Common 17-55] 'set_property' expects at least one object. [C:/Users/Shlab_23/Desktop/Lab7/lab_7.srcs/constrs_1/lab7.xdc:62]
Resolution: If [get_<value>] was used to populate the object, check to make sure this command returns at least one valid object.
WARNING: [Vivado 12-584] No ports matched 'LCD_RW'. [C:/Users/Shlab_23/Desktop/Lab7/lab_7.srcs/constrs_1/lab7.xdc:63]
CRITICAL WARNING: [Common 17-55] 'set_property' expects at least one object. [C:/Users/Shlab_23/Desktop/Lab7/lab_7.srcs/constrs_1/lab7.xdc:63]
Resolution: If [get_<value>] was used to populate the object, check to make sure this command returns at least one valid object.
WARNING: [Vivado 12-584] No ports matched 'LCD_RS'. [C:/Users/Shlab_23/Desktop/Lab7/lab_7.srcs/constrs_1/lab7.xdc:64]
CRITICAL WARNING: [Common 17-55] 'set_property' expects at least one object. [C:/Users/Shlab_23/Desktop/Lab7/lab_7.srcs/constrs_1/lab7.xdc:64]
Resolution: If [get_<value>] was used to populate the object, check to make sure this command returns at least one valid object.
WARNING: [Vivado 12-584] No ports matched 'LCD_D[3]'. [C:/Users/Shlab_23/Desktop/Lab7/lab_7.srcs/constrs_1/lab7.xdc:65]
CRITICAL WARNING: [Common 17-55] 'set_property' expects at least one object. [C:/Users/Shlab_23/Desktop/Lab7/lab_7.srcs/constrs_1/lab7.xdc:65]
Resolution: If [get_<value>] was used to populate the object, check to make sure this command returns at least one valid object.
WARNING: [Vivado 12-584] No ports matched 'LCD_D[2]'. [C:/Users/Shlab_23/Desktop/Lab7/lab_7.srcs/constrs_1/lab7.xdc:66]
CRITICAL WARNING: [Common 17-55] 'set_property' expects at least one object. [C:/Users/Shlab_23/Desktop/Lab7/lab_7.srcs/constrs_1/lab7.xdc:66]
Resolution: If [get_<value>] was used to populate the object, check to make sure this command returns at least one valid object.
WARNING: [Vivado 12-584] No ports matched 'LCD_D[1]'. [C:/Users/Shlab_23/Desktop/Lab7/lab_7.srcs/constrs_1/lab7.xdc:67]
CRITICAL WARNING: [Common 17-55] 'set_property' expects at least one object. [C:/Users/Shlab_23/Desktop/Lab7/lab_7.srcs/constrs_1/lab7.xdc:67]
Resolution: If [get_<value>] was used to populate the object, check to make sure this command returns at least one valid object.
WARNING: [Vivado 12-584] No ports matched 'LCD_D[0]'. [C:/Users/Shlab_23/Desktop/Lab7/lab_7.srcs/constrs_1/lab7.xdc:68]
CRITICAL WARNING: [Common 17-55] 'set_property' expects at least one object. [C:/Users/Shlab_23/Desktop/Lab7/lab_7.srcs/constrs_1/lab7.xdc:68]
Resolution: If [get_<value>] was used to populate the object, check to make sure this command returns at least one valid object.
Finished Parsing XDC File [C:/Users/Shlab_23/Desktop/Lab7/lab_7.srcs/constrs_1/lab7.xdc]
INFO: [Opt 31-138] Pushed 0 inverter(s) to 0 load pin(s).
Netlist sorting complete. Time (s): cpu = 00:00:00 ; elapsed = 00:00:00 . Memory (MB): peak = 969.895 ; gain = 0.000
INFO: [Project 1-111] Unisim Transformation Summary:
  A total of 24 instances were transformed.
  RAM32M => RAM32M (RAMD32(x6), RAMS32(x2)): 8 instances
  RAM32X1D => RAM32X1D (RAMD32(x2)): 16 instances

7 Infos, 7 Warnings, 7 Critical Warnings and 0 Errors encountered.
link_design completed successfully
link_design: Time (s): cpu = 00:00:05 ; elapsed = 00:00:06 . Memory (MB): peak = 969.895 ; gain = 529.590
Command: opt_design
Attempting to get a license for feature 'Implementation' and/or device 'xc7a35ti'
INFO: [Common 17-349] Got license for feature 'Implementation' and/or device 'xc7a35ti'
Running DRC as a precondition to command opt_design

Starting DRC Task
INFO: [DRC 23-27] Running DRC with 2 threads
INFO: [Project 1-461] DRC finished with 0 Errors
INFO: [Project 1-462] Please refer to the DRC report (report_drc) for more information.

Time (s): cpu = 00:00:02 ; elapsed = 00:00:00.979 . Memory (MB): peak = 993.871 ; gain = 23.977

Starting Cache Timing Information Task
INFO: [Timing 38-35] Done setting XDC timing constraints.
Ending Cache Timing Information Task | Checksum: d6466e13

Time (s): cpu = 00:00:07 ; elapsed = 00:00:08 . Memory (MB): peak = 1538.164 ; gain = 544.293

Starting Logic Optimization Task

Phase 1 Retarget
INFO: [Opt 31-138] Pushed 0 inverter(s) to 0 load pin(s).
INFO: [Opt 31-49] Retargeted 0 cell(s).
Phase 1 Retarget | Checksum: d6466e13

Time (s): cpu = 00:00:00 ; elapsed = 00:00:00.078 . Memory (MB): peak = 1883.422 ; gain = 0.000
INFO: [Opt 31-389] Phase Retarget created 0 cells and removed 0 cells

Phase 2 Constant propagation
INFO: [Opt 31-138] Pushed 0 inverter(s) to 0 load pin(s).
Phase 2 Constant propagation | Checksum: c1d4fb0a

Time (s): cpu = 00:00:00 ; elapsed = 00:00:00.094 . Memory (MB): peak = 1883.422 ; gain = 0.000
INFO: [Opt 31-389] Phase Constant propagation created 0 cells and removed 0 cells

Phase 3 Sweep
Phase 3 Sweep | Checksum: c56428a9

Time (s): cpu = 00:00:00 ; elapsed = 00:00:00.112 . Memory (MB): peak = 1883.422 ; gain = 0.000
INFO: [Opt 31-389] Phase Sweep created 0 cells and removed 0 cells

Phase 4 BUFG optimization
Phase 4 BUFG optimization | Checksum: c56428a9

Time (s): cpu = 00:00:00 ; elapsed = 00:00:00.152 . Memory (MB): peak = 1883.422 ; gain = 0.000
INFO: [Opt 31-662] Phase BUFG optimization created 0 cells of which 0 are BUFGs and removed 0 cells.

Phase 5 Shift Register Optimization
INFO: [Opt 31-1064] SRL Remap converted 0 SRLs to 0 registers and converted 0 registers of register chains to 0 SRLs
Phase 5 Shift Register Optimization | Checksum: 150cd5913

Time (s): cpu = 00:00:00 ; elapsed = 00:00:00.207 . Memory (MB): peak = 1883.422 ; gain = 0.000
INFO: [Opt 31-389] Phase Shift Register Optimization created 0 cells and removed 0 cells

Phase 6 Post Processing Netlist
Phase 6 Post Processing Netlist | Checksum: 150cd5913

Time (s): cpu = 00:00:00 ; elapsed = 00:00:00.211 . Memory (MB): peak = 1883.422 ; gain = 0.000
INFO: [Opt 31-389] Phase Post Processing Netlist created 0 cells and removed 0 cells
Opt_design Change Summary
=========================


-------------------------------------------------------------------------------------------------------------------------
|  Phase                        |  #Cells created  |  #Cells Removed  |  #Constrained objects preventing optimizations  |
-------------------------------------------------------------------------------------------------------------------------
|  Retarget                     |               0  |               0  |                                              0  |
|  Constant propagation         |               0  |               0  |                                              0  |
|  Sweep                        |               0  |               0  |                                              0  |
|  BUFG optimization            |               0  |               0  |                                              0  |
|  Shift Register Optimization  |               0  |               0  |                                              0  |
|  Post Processing Netlist      |               0  |               0  |                                              0  |
-------------------------------------------------------------------------------------------------------------------------



Starting Connectivity Check Task

Time (s): cpu = 00:00:00 ; elapsed = 00:00:00.003 . Memory (MB): peak = 1883.422 ; gain = 0.000
Ending Logic Optimization Task | Checksum: 150cd5913

Time (s): cpu = 00:00:00 ; elapsed = 00:00:00.217 . Memory (MB): peak = 1883.422 ; gain = 0.000

Starting Power Optimization Task
INFO: [Pwropt 34-132] Skipping clock gating for clocks with a period < 2.00 ns.
INFO: [Pwropt 34-9] Applying IDT optimizations ...
INFO: [Pwropt 34-10] Applying ODC optimizations ...
INFO: [Timing 38-35] Done setting XDC timing constraints.
Running Vector-less Activity Propagation...

Finished Running Vector-less Activity Propagation


Starting PowerOpt Patch Enables Task
INFO: [Pwropt 34-162] WRITE_MODE attribute of 0 BRAM(s) out of a total of 1 has been updated to save power. Run report_power_opt to get a complete listing of the BRAMs updated.
INFO: [Pwropt 34-201] Structural ODC has moved 0 WE to EN ports
Number of BRAM Ports augmented: 0 newly gated: 0 Total Ports: 2
Ending PowerOpt Patch Enables Task | Checksum: 150cd5913

Time (s): cpu = 00:00:00 ; elapsed = 00:00:00.010 . Memory (MB): peak = 1965.453 ; gain = 0.000
Ending Power Optimization Task | Checksum: 150cd5913

Time (s): cpu = 00:00:01 ; elapsed = 00:00:00.569 . Memory (MB): peak = 1965.453 ; gain = 82.031

Starting Final Cleanup Task
Ending Final Cleanup Task | Checksum: 150cd5913

Time (s): cpu = 00:00:00 ; elapsed = 00:00:00 . Memory (MB): peak = 1965.453 ; gain = 0.000

Starting Netlist Obfuscation Task
Netlist sorting complete. Time (s): cpu = 00:00:00 ; elapsed = 00:00:00 . Memory (MB): peak = 1965.453 ; gain = 0.000
Ending Netlist Obfuscation Task | Checksum: 150cd5913

Time (s): cpu = 00:00:00 ; elapsed = 00:00:00.001 . Memory (MB): peak = 1965.453 ; gain = 0.000
INFO: [Common 17-83] Releasing license: Implementation
29 Infos, 7 Warnings, 7 Critical Warnings and 0 Errors encountered.
opt_design completed successfully
opt_design: Time (s): cpu = 00:00:13 ; elapsed = 00:00:12 . Memory (MB): peak = 1965.453 ; gain = 995.559
INFO: [runtcl-4] Executing : report_drc -file lab7_drc_opted.rpt -pb lab7_drc_opted.pb -rpx lab7_drc_opted.rpx
Command: report_drc -file lab7_drc_opted.rpt -pb lab7_drc_opted.pb -rpx lab7_drc_opted.rpx
INFO: [IP_Flow 19-234] Refreshing IP repositories
INFO: [IP_Flow 19-1704] No user IP repositories specified
INFO: [IP_Flow 19-2313] Loaded Vivado IP repository 'C:/Xilinx/Vivado/2023.1/data/ip'.
INFO: [DRC 23-27] Running DRC with 2 threads
INFO: [Vivado_Tcl 2-168] The results of DRC are in file C:/Users/Shlab_23/Desktop/Lab7/lab_7.runs/impl_1/lab7_drc_opted.rpt.
report_drc completed successfully
INFO: [Timing 38-480] Writing timing data to binary archive.
Writing XDEF routing.
Writing XDEF routing logical nets.
Writing XDEF routing special nets.
Write XDEF Complete: Time (s): cpu = 00:00:00 ; elapsed = 00:00:00.028 . Memory (MB): peak = 1965.453 ; gain = 0.000
INFO: [Common 17-1381] The checkpoint 'C:/Users/Shlab_23/Desktop/Lab7/lab_7.runs/impl_1/lab7_opt.dcp' has been generated.
Command: place_design
Attempting to get a license for feature 'Implementation' and/or device 'xc7a35ti'
INFO: [Common 17-349] Got license for feature 'Implementation' and/or device 'xc7a35ti'
INFO: [DRC 23-27] Running DRC with 2 threads
INFO: [Vivado_Tcl 4-198] DRC finished with 0 Errors
INFO: [Vivado_Tcl 4-199] Please refer to the DRC report (report_drc) for more information.
Running DRC as a precondition to command place_design
INFO: [DRC 23-27] Running DRC with 2 threads
INFO: [Vivado_Tcl 4-198] DRC finished with 0 Errors
INFO: [Vivado_Tcl 4-199] Please refer to the DRC report (report_drc) for more information.

Starting Placer Task
INFO: [Place 30-611] Multithreading enabled for place_design using a maximum of 2 CPUs

Phase 1 Placer Initialization

Phase 1.1 Placer Initialization Netlist Sorting
Netlist sorting complete. Time (s): cpu = 00:00:00 ; elapsed = 00:00:00 . Memory (MB): peak = 1965.453 ; gain = 0.000
Phase 1.1 Placer Initialization Netlist Sorting | Checksum: dca61fc5

Time (s): cpu = 00:00:00 ; elapsed = 00:00:00.006 . Memory (MB): peak = 1965.453 ; gain = 0.000
Netlist sorting complete. Time (s): cpu = 00:00:00 ; elapsed = 00:00:00.001 . Memory (MB): peak = 1965.453 ; gain = 0.000

Phase 1.2 IO Placement/ Clock Placement/ Build Placer Device
INFO: [Timing 38-35] Done setting XDC timing constraints.
Phase 1.2 IO Placement/ Clock Placement/ Build Placer Device | Checksum: b98fdcec

Time (s): cpu = 00:00:00 ; elapsed = 00:00:00.304 . Memory (MB): peak = 1965.453 ; gain = 0.000

Phase 1.3 Build Placer Netlist Model
Phase 1.3 Build Placer Netlist Model | Checksum: 1684be80c

Time (s): cpu = 00:00:01 ; elapsed = 00:00:00.687 . Memory (MB): peak = 1965.453 ; gain = 0.000

Phase 1.4 Constrain Clocks/Macros
Phase 1.4 Constrain Clocks/Macros | Checksum: 1684be80c

Time (s): cpu = 00:00:01 ; elapsed = 00:00:00.691 . Memory (MB): peak = 1965.453 ; gain = 0.000
Phase 1 Placer Initialization | Checksum: 1684be80c

Time (s): cpu = 00:00:01 ; elapsed = 00:00:00.697 . Memory (MB): peak = 1965.453 ; gain = 0.000

Phase 2 Global Placement

Phase 2.1 Floorplanning
Phase 2.1 Floorplanning | Checksum: c4558d75

Time (s): cpu = 00:00:01 ; elapsed = 00:00:00.881 . Memory (MB): peak = 1965.453 ; gain = 0.000

Phase 2.2 Update Timing before SLR Path Opt
Phase 2.2 Update Timing before SLR Path Opt | Checksum: d57059ef

Time (s): cpu = 00:00:02 ; elapsed = 00:00:01 . Memory (MB): peak = 1965.453 ; gain = 0.000

Phase 2.3 Post-Processing in Floorplanning
Phase 2.3 Post-Processing in Floorplanning | Checksum: d57059ef

Time (s): cpu = 00:00:02 ; elapsed = 00:00:01 . Memory (MB): peak = 1965.453 ; gain = 0.000

Phase 2.4 Global Placement Core

Phase 2.4.1 UpdateTiming Before Physical Synthesis
Phase 2.4.1 UpdateTiming Before Physical Synthesis | Checksum: 8b124c00

Time (s): cpu = 00:00:06 ; elapsed = 00:00:03 . Memory (MB): peak = 1965.453 ; gain = 0.000

Phase 2.4.2 Physical Synthesis In Placer
INFO: [Physopt 32-1035] Found 0 LUTNM shape to break, 66 LUT instances to create LUTNM shape
INFO: [Physopt 32-1044] Break lutnm for timing: one critical 0, two critical 0, total 0, new lutff created 0
INFO: [Physopt 32-1138] End 1 Pass. Optimized 27 nets or LUTs. Breaked 0 LUT, combined 27 existing LUTs and moved 0 existing LUT
INFO: [Physopt 32-65] No nets found for high-fanout optimization.
INFO: [Physopt 32-232] Optimized 0 net. Created 0 new instance.
INFO: [Physopt 32-775] End 1 Pass. Optimized 0 net or cell. Created 0 new cell, deleted 0 existing cell and moved 0 existing cell
INFO: [Physopt 32-670] No setup violation found.  DSP Register Optimization was not performed.
INFO: [Physopt 32-670] No setup violation found.  Shift Register to Pipeline Optimization was not performed.
INFO: [Physopt 32-670] No setup violation found.  Shift Register Optimization was not performed.
INFO: [Physopt 32-670] No setup violation found.  BRAM Register Optimization was not performed.
INFO: [Physopt 32-670] No setup violation found.  URAM Register Optimization was not performed.
INFO: [Physopt 32-949] No candidate nets found for dynamic/static region interface net replication
INFO: [Physopt 32-775] End 1 Pass. Optimized 0 net or cell. Created 0 new cell, deleted 0 existing cell and moved 0 existing cell
Netlist sorting complete. Time (s): cpu = 00:00:00 ; elapsed = 00:00:00.001 . Memory (MB): peak = 1965.453 ; gain = 0.000

Summary of Physical Synthesis Optimizations
============================================


-----------------------------------------------------------------------------------------------------------------------------------------------------------
|  Optimization                                     |  Added Cells  |  Removed Cells  |  Optimized Cells/Nets  |  Dont Touch  |  Iterations  |  Elapsed   |
-----------------------------------------------------------------------------------------------------------------------------------------------------------
|  LUT Combining                                    |            0  |             27  |                    27  |           0  |           1  |  00:00:00  |
|  Retime                                           |            0  |              0  |                     0  |           0  |           1  |  00:00:00  |
|  Very High Fanout                                 |            0  |              0  |                     0  |           0  |           1  |  00:00:00  |
|  DSP Register                                     |            0  |              0  |                     0  |           0  |           0  |  00:00:00  |
|  Shift Register to Pipeline                       |            0  |              0  |                     0  |           0  |           0  |  00:00:00  |
|  Shift Register                                   |            0  |              0  |                     0  |           0  |           0  |  00:00:00  |
|  BRAM Register                                    |            0  |              0  |                     0  |           0  |           0  |  00:00:00  |
|  URAM Register                                    |            0  |              0  |                     0  |           0  |           0  |  00:00:00  |
|  Dynamic/Static Region Interface Net Replication  |            0  |              0  |                     0  |           0  |           1  |  00:00:00  |
|  Total                                            |            0  |             27  |                    27  |           0  |           4  |  00:00:00  |
-----------------------------------------------------------------------------------------------------------------------------------------------------------


Phase 2.4.2 Physical Synthesis In Placer | Checksum: 11bb22cc5

Time (s): cpu = 00:00:07 ; elapsed = 00:00:03 . Memory (MB): peak = 1965.453 ; gain = 0.000
Phase 2.4 Global Placement Core | Checksum: 17e711ff0

Time (s): cpu = 00:00:07 ; elapsed = 00:00:04 . Memory (MB): peak = 1965.453 ; gain = 0.000
Phase 2 Global Placement | Checksum: 17e711ff0

Time (s): cpu = 00:00:07 ; elapsed = 00:00:04 . Memory (MB): peak = 1965.453 ; gain = 0.000

Phase 3 Detail Placement

Phase 3.1 Commit Multi Column Macros
Phase 3.1 Commit Multi Column Macros | Checksum: 10c5b32c8

Time (s): cpu = 00:00:07 ; elapsed = 00:00:04 . Memory (MB): peak = 1965.453 ; gain = 0.000

Phase 3.2 Commit Most Macros & LUTRAMs
Phase 3.2 Commit Most Macros & LUTRAMs | Checksum: aa4a5879

Time (s): cpu = 00:00:07 ; elapsed = 00:00:04 . Memory (MB): peak = 1965.453 ; gain = 0.000

Phase 3.3 Area Swap Optimization
Phase 3.3 Area Swap Optimization | Checksum: 8b061c06

Time (s): cpu = 00:00:07 ; elapsed = 00:00:04 . Memory (MB): peak = 1965.453 ; gain = 0.000

Phase 3.4 Pipeline Register Optimization
Phase 3.4 Pipeline Register Optimization | Checksum: 620495b2

Time (s): cpu = 00:00:07 ; elapsed = 00:00:04 . Memory (MB): peak = 1965.453 ; gain = 0.000

Phase 3.5 Fast Optimization
Phase 3.5 Fast Optimization | Checksum: 100c05db8

Time (s): cpu = 00:00:09 ; elapsed = 00:00:05 . Memory (MB): peak = 1965.453 ; gain = 0.000

Phase 3.6 Small Shape Detail Placement
Phase 3.6 Small Shape Detail Placement | Checksum: d1cbd65e

Time (s): cpu = 00:00:09 ; elapsed = 00:00:06 . Memory (MB): peak = 1965.453 ; gain = 0.000

Phase 3.7 Re-assign LUT pins
Phase 3.7 Re-assign LUT pins | Checksum: a3a405ee

Time (s): cpu = 00:00:10 ; elapsed = 00:00:06 . Memory (MB): peak = 1965.453 ; gain = 0.000

Phase 3.8 Pipeline Register Optimization
Phase 3.8 Pipeline Register Optimization | Checksum: bca49052

Time (s): cpu = 00:00:10 ; elapsed = 00:00:06 . Memory (MB): peak = 1965.453 ; gain = 0.000

Phase 3.9 Fast Optimization
Phase 3.9 Fast Optimization | Checksum: 119b9b9a2

Time (s): cpu = 00:00:11 ; elapsed = 00:00:07 . Memory (MB): peak = 1965.453 ; gain = 0.000
Phase 3 Detail Placement | Checksum: 119b9b9a2

Time (s): cpu = 00:00:11 ; elapsed = 00:00:07 . Memory (MB): peak = 1965.453 ; gain = 0.000

Phase 4 Post Placement Optimization and Clean-Up

Phase 4.1 Post Commit Optimization
INFO: [Timing 38-35] Done setting XDC timing constraints.

Phase 4.1.1 Post Placement Optimization
Post Placement Optimization Initialization | Checksum: 179661315

Phase 4.1.1.1 BUFG Insertion

Starting Physical Synthesis Task

Phase 1 Physical Synthesis Initialization
INFO: [Physopt 32-721] Multithreading enabled for phys_opt_design using a maximum of 2 CPUs
INFO: [Physopt 32-619] Estimated Timing Summary | WNS=-0.418 | TNS=-1.004 |
Phase 1 Physical Synthesis Initialization | Checksum: 1681ea3c8

Time (s): cpu = 00:00:00 ; elapsed = 00:00:00.101 . Memory (MB): peak = 1965.453 ; gain = 0.000
INFO: [Place 46-56] BUFG insertion identified 0 candidate nets. Inserted BUFG: 0, Replicated BUFG Driver: 0, Skipped due to Placement/Routing Conflicts: 0, Skipped due to Timing Degradation: 0, Skipped due to netlist editing failed: 0.
Ending Physical Synthesis Task | Checksum: 1681ea3c8

Time (s): cpu = 00:00:00 ; elapsed = 00:00:00.118 . Memory (MB): peak = 1965.453 ; gain = 0.000
Phase 4.1.1.1 BUFG Insertion | Checksum: 179661315

Time (s): cpu = 00:00:12 ; elapsed = 00:00:07 . Memory (MB): peak = 1965.453 ; gain = 0.000

Phase 4.1.1.2 Post Placement Timing Optimization
INFO: [Place 30-746] Post Placement Timing Summary WNS=0.514. For the most accurate timing information please run report_timing.
Phase 4.1.1.2 Post Placement Timing Optimization | Checksum: 27543ecb0

Time (s): cpu = 00:00:12 ; elapsed = 00:00:08 . Memory (MB): peak = 1965.453 ; gain = 0.000

Time (s): cpu = 00:00:12 ; elapsed = 00:00:08 . Memory (MB): peak = 1965.453 ; gain = 0.000
Phase 4.1 Post Commit Optimization | Checksum: 27543ecb0

Time (s): cpu = 00:00:12 ; elapsed = 00:00:08 . Memory (MB): peak = 1965.453 ; gain = 0.000

Phase 4.2 Post Placement Cleanup
Phase 4.2 Post Placement Cleanup | Checksum: 27543ecb0

Time (s): cpu = 00:00:12 ; elapsed = 00:00:08 . Memory (MB): peak = 1965.453 ; gain = 0.000

Phase 4.3 Placer Reporting

Phase 4.3.1 Print Estimated Congestion
INFO: [Place 30-612] Post-Placement Estimated Congestion 
 ____________________________________________________
|           | Global Congestion | Short Congestion  |
| Direction | Region Size       | Region Size       |
|___________|___________________|___________________|
|      North|                1x1|                1x1|
|___________|___________________|___________________|
|      South|                1x1|                1x1|
|___________|___________________|___________________|
|       East|                1x1|                1x1|
|___________|___________________|___________________|
|       West|                1x1|                1x1|
|___________|___________________|___________________|

Phase 4.3.1 Print Estimated Congestion | Checksum: 27543ecb0

Time (s): cpu = 00:00:13 ; elapsed = 00:00:08 . Memory (MB): peak = 1965.453 ; gain = 0.000
Phase 4.3 Placer Reporting | Checksum: 27543ecb0

Time (s): cpu = 00:00:13 ; elapsed = 00:00:08 . Memory (MB): peak = 1965.453 ; gain = 0.000

Phase 4.4 Final Placement Cleanup
Netlist sorting complete. Time (s): cpu = 00:00:00 ; elapsed = 00:00:00.001 . Memory (MB): peak = 1965.453 ; gain = 0.000

Time (s): cpu = 00:00:13 ; elapsed = 00:00:08 . Memory (MB): peak = 1965.453 ; gain = 0.000
Phase 4 Post Placement Optimization and Clean-Up | Checksum: 1cd9372be

Time (s): cpu = 00:00:13 ; elapsed = 00:00:08 . Memory (MB): peak = 1965.453 ; gain = 0.000
Ending Placer Task | Checksum: ddceb22b

Time (s): cpu = 00:00:13 ; elapsed = 00:00:08 . Memory (MB): peak = 1965.453 ; gain = 0.000
INFO: [Common 17-83] Releasing license: Implementation
66 Infos, 7 Warnings, 7 Critical Warnings and 0 Errors encountered.
place_design completed successfully
place_design: Time (s): cpu = 00:00:15 ; elapsed = 00:00:09 . Memory (MB): peak = 1965.453 ; gain = 0.000
INFO: [runtcl-4] Executing : report_io -file lab7_io_placed.rpt
report_io: Time (s): cpu = 00:00:00 ; elapsed = 00:00:00.048 . Memory (MB): peak = 1965.453 ; gain = 0.000
INFO: [runtcl-4] Executing : report_utilization -file lab7_utilization_placed.rpt -pb lab7_utilization_placed.pb
INFO: [runtcl-4] Executing : report_control_sets -verbose -file lab7_control_sets_placed.rpt
report_control_sets: Time (s): cpu = 00:00:00 ; elapsed = 00:00:00.007 . Memory (MB): peak = 1965.453 ; gain = 0.000
INFO: [Timing 38-480] Writing timing data to binary archive.
Writing XDEF routing.
Writing XDEF routing logical nets.
Writing XDEF routing special nets.
Write XDEF Complete: Time (s): cpu = 00:00:00 ; elapsed = 00:00:00.175 . Memory (MB): peak = 1965.453 ; gain = 0.000
INFO: [Common 17-1381] The checkpoint 'C:/Users/Shlab_23/Desktop/Lab7/lab_7.runs/impl_1/lab7_placed.dcp' has been generated.
Command: route_design
Attempting to get a license for feature 'Implementation' and/or device 'xc7a35ti'
INFO: [Common 17-349] Got license for feature 'Implementation' and/or device 'xc7a35ti'
Running DRC as a precondition to command route_design
INFO: [DRC 23-27] Running DRC with 2 threads
INFO: [Vivado_Tcl 4-198] DRC finished with 0 Errors
INFO: [Vivado_Tcl 4-199] Please refer to the DRC report (report_drc) for more information.


Starting Routing Task
INFO: [Route 35-254] Multithreading enabled for route_design using a maximum of 2 CPUs

Phase 1 Build RT Design
Checksum: PlaceDB: d9ba021a ConstDB: 0 ShapeSum: 414b011 RouteDB: 0
Post Restoration Checksum: NetGraph: df2176d | NumContArr: 2b895cef | Constraints: 190a55ad | Timing: 0
Phase 1 Build RT Design | Checksum: 5285ca09

Time (s): cpu = 00:00:22 ; elapsed = 00:00:20 . Memory (MB): peak = 1981.734 ; gain = 16.281

Phase 2 Router Initialization

Phase 2.1 Fix Topology Constraints
Phase 2.1 Fix Topology Constraints | Checksum: 5285ca09

Time (s): cpu = 00:00:22 ; elapsed = 00:00:20 . Memory (MB): peak = 1981.734 ; gain = 16.281

Phase 2.2 Pre Route Cleanup
Phase 2.2 Pre Route Cleanup | Checksum: 5285ca09

Time (s): cpu = 00:00:22 ; elapsed = 00:00:20 . Memory (MB): peak = 1981.734 ; gain = 16.281
 Number of Nodes with overlaps = 0

Phase 2.3 Update Timing
Phase 2.3 Update Timing | Checksum: 163f972c3

Time (s): cpu = 00:00:23 ; elapsed = 00:00:21 . Memory (MB): peak = 1993.527 ; gain = 28.074
INFO: [Route 35-416] Intermediate Timing Summary | WNS=0.683  | TNS=0.000  | WHS=-0.177 | THS=-33.081|


Router Utilization Summary
  Global Vertical Routing Utilization    = 0.000159451 %
  Global Horizontal Routing Utilization  = 0.000910984 %
  Routable Net Status*
  *Does not include unroutable nets such as driverless and loadless.
  Run report_route_status for detailed report.
  Number of Failed Nets               = 1899
    (Failed Nets is the sum of unrouted and partially routed nets)
  Number of Unrouted Nets             = 1896
  Number of Partially Routed Nets     = 3
  Number of Node Overlaps             = 3

Phase 2 Router Initialization | Checksum: e95cb286

Time (s): cpu = 00:00:24 ; elapsed = 00:00:21 . Memory (MB): peak = 1994.734 ; gain = 29.281

Phase 3 Initial Routing

Phase 3.1 Global Routing
Phase 3.1 Global Routing | Checksum: e95cb286

Time (s): cpu = 00:00:24 ; elapsed = 00:00:21 . Memory (MB): peak = 1994.734 ; gain = 29.281
Phase 3 Initial Routing | Checksum: 23aa2cef3

Time (s): cpu = 00:00:24 ; elapsed = 00:00:21 . Memory (MB): peak = 1994.734 ; gain = 29.281

Phase 4 Rip-up And Reroute

Phase 4.1 Global Iteration 0
 Number of Nodes with overlaps = 567
 Number of Nodes with overlaps = 186
 Number of Nodes with overlaps = 85
 Number of Nodes with overlaps = 29
 Number of Nodes with overlaps = 10
 Number of Nodes with overlaps = 2
 Number of Nodes with overlaps = 1
 Number of Nodes with overlaps = 7
 Number of Nodes with overlaps = 6
 Number of Nodes with overlaps = 5
 Number of Nodes with overlaps = 2
 Number of Nodes with overlaps = 5
 Number of Nodes with overlaps = 2
 Number of Nodes with overlaps = 4
 Number of Nodes with overlaps = 0
INFO: [Route 35-416] Intermediate Timing Summary | WNS=0.578  | TNS=0.000  | WHS=N/A    | THS=N/A    |

Phase 4.1 Global Iteration 0 | Checksum: 1fecc3326

Time (s): cpu = 00:00:29 ; elapsed = 00:00:26 . Memory (MB): peak = 1994.734 ; gain = 29.281
Phase 4 Rip-up And Reroute | Checksum: 1fecc3326

Time (s): cpu = 00:00:29 ; elapsed = 00:00:26 . Memory (MB): peak = 1994.734 ; gain = 29.281

Phase 5 Delay and Skew Optimization

Phase 5.1 Delay CleanUp

Phase 5.1.1 Update Timing
Phase 5.1.1 Update Timing | Checksum: 1b366f535

Time (s): cpu = 00:00:29 ; elapsed = 00:00:26 . Memory (MB): peak = 1994.734 ; gain = 29.281
INFO: [Route 35-416] Intermediate Timing Summary | WNS=0.586  | TNS=0.000  | WHS=N/A    | THS=N/A    |

Phase 5.1 Delay CleanUp | Checksum: 1b366f535

Time (s): cpu = 00:00:29 ; elapsed = 00:00:26 . Memory (MB): peak = 1994.734 ; gain = 29.281

Phase 5.2 Clock Skew Optimization
Phase 5.2 Clock Skew Optimization | Checksum: 1b366f535

Time (s): cpu = 00:00:29 ; elapsed = 00:00:26 . Memory (MB): peak = 1994.734 ; gain = 29.281
Phase 5 Delay and Skew Optimization | Checksum: 1b366f535

Time (s): cpu = 00:00:29 ; elapsed = 00:00:26 . Memory (MB): peak = 1994.734 ; gain = 29.281

Phase 6 Post Hold Fix

Phase 6.1 Hold Fix Iter

Phase 6.1.1 Update Timing
Phase 6.1.1 Update Timing | Checksum: 2532f01b5

Time (s): cpu = 00:00:29 ; elapsed = 00:00:26 . Memory (MB): peak = 1994.734 ; gain = 29.281
INFO: [Route 35-416] Intermediate Timing Summary | WNS=0.586  | TNS=0.000  | WHS=0.118  | THS=0.000  |

Phase 6.1 Hold Fix Iter | Checksum: 1f3e65814

Time (s): cpu = 00:00:29 ; elapsed = 00:00:26 . Memory (MB): peak = 1994.734 ; gain = 29.281
Phase 6 Post Hold Fix | Checksum: 1f3e65814

Time (s): cpu = 00:00:29 ; elapsed = 00:00:26 . Memory (MB): peak = 1994.734 ; gain = 29.281

Phase 7 Route finalize

Router Utilization Summary
  Global Vertical Routing Utilization    = 0.522204 %
  Global Horizontal Routing Utilization  = 0.708745 %
  Routable Net Status*
  *Does not include unroutable nets such as driverless and loadless.
  Run report_route_status for detailed report.
  Number of Failed Nets               = 0
    (Failed Nets is the sum of unrouted and partially routed nets)
  Number of Unrouted Nets             = 0
  Number of Partially Routed Nets     = 0
  Number of Node Overlaps             = 0

Phase 7 Route finalize | Checksum: 221677af2

Time (s): cpu = 00:00:29 ; elapsed = 00:00:26 . Memory (MB): peak = 1994.734 ; gain = 29.281

Phase 8 Verifying routed nets

 Verification completed successfully
Phase 8 Verifying routed nets | Checksum: 221677af2

Time (s): cpu = 00:00:29 ; elapsed = 00:00:26 . Memory (MB): peak = 1995.359 ; gain = 29.906

Phase 9 Depositing Routes
Phase 9 Depositing Routes | Checksum: 22b777c5c

Time (s): cpu = 00:00:29 ; elapsed = 00:00:26 . Memory (MB): peak = 1995.359 ; gain = 29.906

Phase 10 Post Router Timing
INFO: [Route 35-57] Estimated Timing Summary | WNS=0.586  | TNS=0.000  | WHS=0.118  | THS=0.000  |

INFO: [Route 35-327] The final timing numbers are based on the router estimated timing analysis. For a complete and accurate timing signoff, please run report_timing_summary.
Phase 10 Post Router Timing | Checksum: 22b777c5c

Time (s): cpu = 00:00:29 ; elapsed = 00:00:26 . Memory (MB): peak = 1995.359 ; gain = 29.906
INFO: [Route 35-16] Router Completed Successfully

Phase 11 Post-Route Event Processing
Phase 11 Post-Route Event Processing | Checksum: 5695b620

Time (s): cpu = 00:00:30 ; elapsed = 00:00:26 . Memory (MB): peak = 1995.359 ; gain = 29.906

Time (s): cpu = 00:00:30 ; elapsed = 00:00:26 . Memory (MB): peak = 1995.359 ; gain = 29.906

Routing Is Done.
INFO: [Common 17-83] Releasing license: Implementation
84 Infos, 7 Warnings, 7 Critical Warnings and 0 Errors encountered.
route_design completed successfully
route_design: Time (s): cpu = 00:00:31 ; elapsed = 00:00:27 . Memory (MB): peak = 1995.359 ; gain = 29.906
INFO: [runtcl-4] Executing : report_drc -file lab7_drc_routed.rpt -pb lab7_drc_routed.pb -rpx lab7_drc_routed.rpx
Command: report_drc -file lab7_drc_routed.rpt -pb lab7_drc_routed.pb -rpx lab7_drc_routed.rpx
INFO: [IP_Flow 19-1839] IP Catalog is up to date.
INFO: [DRC 23-27] Running DRC with 2 threads
INFO: [Vivado_Tcl 2-168] The results of DRC are in file C:/Users/Shlab_23/Desktop/Lab7/lab_7.runs/impl_1/lab7_drc_routed.rpt.
report_drc completed successfully
INFO: [runtcl-4] Executing : report_methodology -file lab7_methodology_drc_routed.rpt -pb lab7_methodology_drc_routed.pb -rpx lab7_methodology_drc_routed.rpx
Command: report_methodology -file lab7_methodology_drc_routed.rpt -pb lab7_methodology_drc_routed.pb -rpx lab7_methodology_drc_routed.rpx
INFO: [Timing 38-35] Done setting XDC timing constraints.
INFO: [DRC 23-133] Running Methodology with 2 threads
INFO: [Vivado_Tcl 2-1520] The results of Report Methodology are in file C:/Users/Shlab_23/Desktop/Lab7/lab_7.runs/impl_1/lab7_methodology_drc_routed.rpt.
report_methodology completed successfully
INFO: [runtcl-4] Executing : report_power -file lab7_power_routed.rpt -pb lab7_power_summary_routed.pb -rpx lab7_power_routed.rpx
Command: report_power -file lab7_power_routed.rpt -pb lab7_power_summary_routed.pb -rpx lab7_power_routed.rpx
INFO: [Timing 38-35] Done setting XDC timing constraints.
Running Vector-less Activity Propagation...

Finished Running Vector-less Activity Propagation
94 Infos, 7 Warnings, 7 Critical Warnings and 0 Errors encountered.
report_power completed successfully
INFO: [runtcl-4] Executing : report_route_status -file lab7_route_status.rpt -pb lab7_route_status.pb
INFO: [runtcl-4] Executing : report_timing_summary -max_paths 10 -file lab7_timing_summary_routed.rpt -pb lab7_timing_summary_routed.pb -rpx lab7_timing_summary_routed.rpx -warn_on_violation 
INFO: [Timing 38-91] UpdateTimingParams: Speed grade: -1L, Delay Type: min_max.
INFO: [Timing 38-191] Multithreading enabled for timing update using a maximum of 2 CPUs
INFO: [runtcl-4] Executing : report_incremental_reuse -file lab7_incremental_reuse_routed.rpt
INFO: [Vivado_Tcl 4-1062] Incremental flow is disabled. No incremental reuse Info to report.
INFO: [runtcl-4] Executing : report_clock_utilization -file lab7_clock_utilization_routed.rpt
INFO: [runtcl-4] Executing : report_bus_skew -warn_on_violation -file lab7_bus_skew_routed.rpt -pb lab7_bus_skew_routed.pb -rpx lab7_bus_skew_routed.rpx
INFO: [Timing 38-91] UpdateTimingParams: Speed grade: -1L, Delay Type: min_max.
INFO: [Timing 38-191] Multithreading enabled for timing update using a maximum of 2 CPUs
INFO: [Timing 38-480] Writing timing data to binary archive.
Writing XDEF routing.
Writing XDEF routing logical nets.
Writing XDEF routing special nets.
Write XDEF Complete: Time (s): cpu = 00:00:00 ; elapsed = 00:00:00.207 . Memory (MB): peak = 2031.336 ; gain = 0.000
INFO: [Common 17-1381] The checkpoint 'C:/Users/Shlab_23/Desktop/Lab7/lab_7.runs/impl_1/lab7_routed.dcp' has been generated.
Command: write_bitstream -force lab7.bit
Attempting to get a license for feature 'Implementation' and/or device 'xc7a35ti'
INFO: [Common 17-349] Got license for feature 'Implementation' and/or device 'xc7a35ti'
Running DRC as a precondition to command write_bitstream
INFO: [IP_Flow 19-1839] IP Catalog is up to date.
INFO: [DRC 23-27] Running DRC with 2 threads
WARNING: [DRC PDRC-153] Gated clock check: Net P_next_reg[2]_i_2_n_0 is a gated clock net sourced by a combinational pin P_next_reg[2]_i_2/O, cell P_next_reg[2]_i_2. This is not good design practice and will likely impact performance. For SLICE registers, for example, use the CE pin to control the loading of data.
INFO: [Vivado 12-3199] DRC finished with 0 Errors, 1 Warnings
INFO: [Vivado 12-3200] Please refer to the DRC report (report_drc) for more information.
INFO: [Designutils 20-2272] Running write_bitstream with 2 threads.
Loading data files...
Loading site data...
Loading route data...
Processing options...
Creating bitmap...
Creating bitstream...
Writing bitstream ./lab7.bit...
INFO: [Vivado 12-1842] Bitgen Completed Successfully.
INFO: [Project 1-1876] WebTalk data collection is mandatory when using a ULT device. To see the specific WebTalk data collected for your design, open the usage_statistics_webtalk.html or usage_statistics_webtalk.xml file in the implementation directory.
INFO: [Common 17-83] Releasing license: Implementation
14 Infos, 1 Warnings, 0 Critical Warnings and 0 Errors encountered.
write_bitstream completed successfully
write_bitstream: Time (s): cpu = 00:00:12 ; elapsed = 00:00:11 . Memory (MB): peak = 2535.512 ; gain = 504.176
INFO: [Common 17-206] Exiting Vivado at Sun Nov 19 17:59:37 2023...
